2019-07-29 15:58:01 - Directory Created
2019-07-29 16:03:48 - Directory Created
2019-07-29 16:04:48 - erez
2019-07-29 16:04:52 - erez
2019-07-29 16:04:53 - erez
2019-07-29 16:04:53 - erez
2019-07-29 16:04:54 - erez
2019-07-29 16:04:55 - erez
2019-07-29 16:06:15 - Directory Created
2019-07-29 16:09:40 - sdgsd
2019-07-29 16:09:40 - erez
2019-07-29 16:14:56 - Directory Created
2019-07-29 16:15:17 - sdgsd
2019-07-29 16:15:17 - erez
2019-07-29 16:15:17 - idan
2019-07-29 16:20:02 - Directory Created
2019-07-29 16:20:05 - erez
2019-07-29 16:21:24 - Directory Created
2019-07-29 16:21:32 - File already exists
2019-07-29 16:21:33 - erez
2019-07-29 16:21:33 - idan
2019-07-29 16:23:08 - File Created successfully
2019-07-29 16:23:19 - erz
2019-07-29 16:23:42 - Directory Created
2019-07-29 16:23:52 - erz
2019-07-29 16:23:55 - idan
2019-07-29 16:24:34 - erz
2019-07-29 16:24:40 - idan
2019-07-29 16:25:10 - erz
2019-07-29 16:26:30 - idan
2019-07-29 16:32:27 - erz
2019-07-29 16:32:30 - idan/
2019-07-29 16:42:58 - erez/
2019-07-29 17:01:34 - src/main/program_environment/idanis not a directory
2019-07-29 17:01:57 - no such folder/erezis not a directory
2019-07-29 17:02:11 - erez/
2019-07-29 17:02:49 - no such folder/erezis not a directory
2019-07-29 17:03:14 - no such folder/erezis not a directory
2019-07-29 17:08:57 - erez/
2019-07-29 17:10:38 - erez/
2019-07-29 17:13:37 - erez/
2019-07-29 17:20:48 - erez/
